[35m[1mConsolidate compiler generated dependencies of target lidar_segmentation_node[0m
[ 50%] [32mBuilding CXX object CMakeFiles/lidar_segmentation_node.dir/src/lidar_segmentation_node.cpp.o[0m
[01m[K/home/acdl/Workspace/ws_lidar/velodyne_segmentation/src/lidar_segmentation_node.cpp:[m[K In member function ‘[01m[Kvoid LidarSegNode::cbCloud(sensor_msgs::msg::PointCloud2_<std::allocator<void> >::SharedPtr)[m[K’:
[01m[K/home/acdl/Workspace/ws_lidar/velodyne_segmentation/src/lidar_segmentation_node.cpp:140:54:[m[K [01;31m[Kerror: [m[K‘[01m[Ksearch[m[K’ in namespace ‘[01m[Kpcl[m[K’ does not name a template type
  140 |       pcl::search::KdTree<PointT>::Ptr tree(new pcl::[01;31m[Ksearch[m[K<KdTree<PointT>>());
      |                                                      [01;31m[K^~~~~~[m[K
In file included from [01m[K/usr/include/pcl-1.12/pcl/sample_consensus/sac_model.h:57[m[K,
                 from [01m[K/usr/include/pcl-1.12/pcl/sample_consensus/sac.h:43[m[K,
                 from [01m[K/usr/include/pcl-1.12/pcl/segmentation/sac_segmentation.h:48[m[K,
                 from [01m[K/home/acdl/Workspace/ws_lidar/velodyne_segmentation/src/lidar_segmentation_node.cpp:9[m[K:
[01m[K/usr/include/pcl-1.12/pcl/search/search.h:49:13:[m[K [01;36m[Knote: [m[K‘[01m[Kpcl::search[m[K’ declared here
   49 |   namespace [01;36m[Ksearch[m[K
      |             [01;36m[K^~~~~~[m[K
[01m[K/home/acdl/Workspace/ws_lidar/velodyne_segmentation/src/lidar_segmentation_node.cpp:140:61:[m[K [01;31m[Kerror: [m[K‘[01m[KKdTree[m[K’ was not declared in this scope
  140 |       pcl::search::KdTree<PointT>::Ptr tree(new pcl::search<[01;31m[KKdTree[m[K<PointT>>());
      |                                                             [01;31m[K^~~~~~[m[K
[01m[K/home/acdl/Workspace/ws_lidar/velodyne_segmentation/src/lidar_segmentation_node.cpp:140:61:[m[K [01;36m[Knote: [m[Ksuggested alternatives:
In file included from [01m[K/usr/include/pcl-1.12/pcl/kdtree/kdtree_flann.h:43[m[K,
                 from [01m[K/usr/include/pcl-1.12/pcl/search/kdtree.h:43[m[K,
                 from [01m[K/home/acdl/Workspace/ws_lidar/velodyne_segmentation/src/lidar_segmentation_node.cpp:11[m[K:
[01m[K/usr/include/pcl-1.12/pcl/kdtree/kdtree.h:54:9:[m[K [01;36m[Knote: [m[K  ‘[01m[Kpcl::KdTree[m[K’
   54 |   class [01;36m[KKdTree[m[K
      |         [01;36m[K^~~~~~[m[K
In file included from [01m[K/home/acdl/Workspace/ws_lidar/velodyne_segmentation/src/lidar_segmentation_node.cpp:11[m[K:
[01m[K/usr/include/pcl-1.12/pcl/search/kdtree.h:61:11:[m[K [01;36m[Knote: [m[K  ‘[01m[Kpcl::search::KdTree[m[K’
   61 |     class [01;36m[KKdTree[m[K: public Search<PointT>
      |           [01;36m[K^~~~~~[m[K
[01m[K/home/acdl/Workspace/ws_lidar/velodyne_segmentation/src/lidar_segmentation_node.cpp:140:74:[m[K [01;31m[Kerror: [m[Kexpected primary-expression before ‘[01m[K>>[m[K’ token
  140 |       pcl::search::KdTree<PointT>::Ptr tree(new pcl::search<KdTree<PointT[01;31m[K>>[m[K());
      |                                                                          [01;31m[K^~[m[K
[01m[K/home/acdl/Workspace/ws_lidar/velodyne_segmentation/src/lidar_segmentation_node.cpp:140:77:[m[K [01;31m[Kerror: [m[Kexpected primary-expression before ‘[01m[K)[m[K’ token
  140 |       pcl::search::KdTree<PointT>::Ptr tree(new pcl::search<KdTree<PointT>>([01;31m[K)[m[K);
      |                                                                             [01;31m[K^[m[K
gmake[2]: *** [CMakeFiles/lidar_segmentation_node.dir/build.make:76: CMakeFiles/lidar_segmentation_node.dir/src/lidar_segmentation_node.cpp.o] Error 1
gmake[1]: *** [CMakeFiles/Makefile2:137: CMakeFiles/lidar_segmentation_node.dir/all] Error 2
gmake: *** [Makefile:146: all] Error 2
