[0.007s] Invoking command in '/home/acdl/Workspace/ws_lidar/velodyne_segmentation/build/velodyne_segmentation': CMAKE_PREFIX_PATH=${CMAKE_PREFIX_PATH}:/opt/ros/humble /usr/bin/cmake /home/acdl/Workspace/ws_lidar/velodyne_segmentation -DPCL_DIR=/usr/lib/x86_64-linux-gnu/cmake/pcl -DCMAKE_INSTALL_PREFIX=/home/acdl/Workspace/ws_lidar/velodyne_segmentation/install/velodyne_segmentation
[0.015s] -- Found ament_cmake: 1.3.12 (/opt/ros/humble/share/ament_cmake/cmake)
[0.100s] -- Found rclcpp: 16.0.14 (/opt/ros/humble/share/rclcpp/cmake)
[0.119s] -- Found rosidl_generator_c: 3.1.7 (/opt/ros/humble/share/rosidl_generator_c/cmake)
[0.121s] -- Found rosidl_adapter: 3.1.7 (/opt/ros/humble/share/rosidl_adapter/cmake)
[0.125s] -- Found rosidl_generator_cpp: 3.1.7 (/opt/ros/humble/share/rosidl_generator_cpp/cmake)
[0.131s] -- Using all available rosidl_typesupport_c: rosidl_typesupport_fastrtps_c;rosidl_typesupport_introspection_c
[0.140s] -- Using all available rosidl_typesupport_cpp: rosidl_typesupport_fastrtps_cpp;rosidl_typesupport_introspection_cpp
[0.163s] -- Found rmw_implementation_cmake: 6.1.2 (/opt/ros/humble/share/rmw_implementation_cmake/cmake)
[0.164s] -- Found rmw_fastrtps_cpp: 6.2.8 (/opt/ros/humble/share/rmw_fastrtps_cpp/cmake)
[0.225s] -- Using RMW implementation 'rmw_fastrtps_cpp' as default
[0.260s] -- Found sensor_msgs: 4.9.0 (/opt/ros/humble/share/sensor_msgs/cmake)
[0.281s] -- Found visualization_msgs: 4.9.0 (/opt/ros/humble/share/visualization_msgs/cmake)
[0.303s] -- Eigen found (include: /usr/include/eigen3, version: 3.4.0)
[0.321s] -- FLANN found (include: /usr/include, lib: /usr/lib/x86_64-linux-gnu/libflann_cpp.so)
[0.589s] -- looking for PCL_COMMON
[0.589s] -- looking for PCL_SAMPLE_CONSENSUS
[0.589s] -- looking for PCL_KDTREE
[0.589s] -- looking for PCL_OCTREE
[0.589s] -- looking for PCL_FILTERS
[0.590s] -- looking for PCL_GEOMETRY
[0.590s] -- looking for PCL_2D
[0.590s] -- looking for PCL_FEATURES
[0.590s] -- looking for PCL_ML
[0.591s] -- looking for PCL_SEGMENTATION
[0.591s] -- looking for PCL_SEARCH
[0.592s] -- Found pcl_conversions: 2.4.5 (/opt/ros/humble/share/pcl_conversions/cmake)
[0.665s] -- Configuring done
[0.680s] -- Generating done
[0.684s] -- Build files have been written to: /home/acdl/Workspace/ws_lidar/velodyne_segmentation/build/velodyne_segmentation
[0.692s] Invoked command in '/home/acdl/Workspace/ws_lidar/velodyne_segmentation/build/velodyne_segmentation' returned '0': CMAKE_PREFIX_PATH=${CMAKE_PREFIX_PATH}:/opt/ros/humble /usr/bin/cmake /home/acdl/Workspace/ws_lidar/velodyne_segmentation -DPCL_DIR=/usr/lib/x86_64-linux-gnu/cmake/pcl -DCMAKE_INSTALL_PREFIX=/home/acdl/Workspace/ws_lidar/velodyne_segmentation/install/velodyne_segmentation
[0.694s] Invoking command in '/home/acdl/Workspace/ws_lidar/velodyne_segmentation/build/velodyne_segmentation': CMAKE_PREFIX_PATH=${CMAKE_PREFIX_PATH}:/opt/ros/humble /usr/bin/cmake --build /home/acdl/Workspace/ws_lidar/velodyne_segmentation/build/velodyne_segmentation -- -j16 -l16
[0.724s] [ 50%] [32mBuilding CXX object CMakeFiles/lidar_segmentation_node.dir/src/lidar_segmentation_node.cpp.o[0m
[10.253s] [100%] [32m[1mLinking CXX executable lidar_segmentation_node[0m
[11.080s] [100%] Built target lidar_segmentation_node
[11.087s] Invoked command in '/home/acdl/Workspace/ws_lidar/velodyne_segmentation/build/velodyne_segmentation' returned '0': CMAKE_PREFIX_PATH=${CMAKE_PREFIX_PATH}:/opt/ros/humble /usr/bin/cmake --build /home/acdl/Workspace/ws_lidar/velodyne_segmentation/build/velodyne_segmentation -- -j16 -l16
[11.093s] Invoking command in '/home/acdl/Workspace/ws_lidar/velodyne_segmentation/build/velodyne_segmentation': CMAKE_PREFIX_PATH=${CMAKE_PREFIX_PATH}:/opt/ros/humble /usr/bin/cmake --install /home/acdl/Workspace/ws_lidar/velodyne_segmentation/build/velodyne_segmentation
[11.097s] -- Install configuration: ""
[11.097s] -- Installing: /home/acdl/Workspace/ws_lidar/velodyne_segmentation/install/velodyne_segmentation/lib/velodyne_segmentation/lidar_segmentation_node
[11.099s] -- Set runtime path of "/home/acdl/Workspace/ws_lidar/velodyne_segmentation/install/velodyne_segmentation/lib/velodyne_segmentation/lidar_segmentation_node" to ""
[11.099s] -- Installing: /home/acdl/Workspace/ws_lidar/velodyne_segmentation/install/velodyne_segmentation/share/velodyne_segmentation/launch
[11.099s] -- Installing: /home/acdl/Workspace/ws_lidar/velodyne_segmentation/install/velodyne_segmentation/share/velodyne_segmentation/launch/seg.launch.py
[11.100s] -- Installing: /home/acdl/Workspace/ws_lidar/velodyne_segmentation/install/velodyne_segmentation/share/ament_index/resource_index/package_run_dependencies/velodyne_segmentation
[11.100s] -- Installing: /home/acdl/Workspace/ws_lidar/velodyne_segmentation/install/velodyne_segmentation/share/ament_index/resource_index/parent_prefix_path/velodyne_segmentation
[11.100s] -- Installing: /home/acdl/Workspace/ws_lidar/velodyne_segmentation/install/velodyne_segmentation/share/velodyne_segmentation/environment/ament_prefix_path.sh
[11.100s] -- Installing: /home/acdl/Workspace/ws_lidar/velodyne_segmentation/install/velodyne_segmentation/share/velodyne_segmentation/environment/ament_prefix_path.dsv
[11.100s] -- Installing: /home/acdl/Workspace/ws_lidar/velodyne_segmentation/install/velodyne_segmentation/share/velodyne_segmentation/environment/path.sh
[11.100s] -- Installing: /home/acdl/Workspace/ws_lidar/velodyne_segmentation/install/velodyne_segmentation/share/velodyne_segmentation/environment/path.dsv
[11.100s] -- Installing: /home/acdl/Workspace/ws_lidar/velodyne_segmentation/install/velodyne_segmentation/share/velodyne_segmentation/local_setup.bash
[11.100s] -- Installing: /home/acdl/Workspace/ws_lidar/velodyne_segmentation/install/velodyne_segmentation/share/velodyne_segmentation/local_setup.sh
[11.100s] -- Installing: /home/acdl/Workspace/ws_lidar/velodyne_segmentation/install/velodyne_segmentation/share/velodyne_segmentation/local_setup.zsh
[11.100s] -- Installing: /home/acdl/Workspace/ws_lidar/velodyne_segmentation/install/velodyne_segmentation/share/velodyne_segmentation/local_setup.dsv
[11.101s] -- Installing: /home/acdl/Workspace/ws_lidar/velodyne_segmentation/install/velodyne_segmentation/share/velodyne_segmentation/package.dsv
[11.101s] -- Installing: /home/acdl/Workspace/ws_lidar/velodyne_segmentation/install/velodyne_segmentation/share/ament_index/resource_index/packages/velodyne_segmentation
[11.101s] -- Installing: /home/acdl/Workspace/ws_lidar/velodyne_segmentation/install/velodyne_segmentation/share/velodyne_segmentation/cmake/velodyne_segmentationConfig.cmake
[11.101s] -- Installing: /home/acdl/Workspace/ws_lidar/velodyne_segmentation/install/velodyne_segmentation/share/velodyne_segmentation/cmake/velodyne_segmentationConfig-version.cmake
[11.101s] -- Installing: /home/acdl/Workspace/ws_lidar/velodyne_segmentation/install/velodyne_segmentation/share/velodyne_segmentation/package.xml
[11.102s] Invoked command in '/home/acdl/Workspace/ws_lidar/velodyne_segmentation/build/velodyne_segmentation' returned '0': CMAKE_PREFIX_PATH=${CMAKE_PREFIX_PATH}:/opt/ros/humble /usr/bin/cmake --install /home/acdl/Workspace/ws_lidar/velodyne_segmentation/build/velodyne_segmentation
