[0.074s] DEBUG:colcon:Command line arguments: ['/usr/bin/colcon', 'build', '--cmake-args', '-DPCL_DIR=/usr/lib/x86_64-linux-gnu/cmake/pcl']
[0.074s] DEBUG:colcon:Parsed command line arguments: Namespace(log_base=None, log_level=None, verb_name='build', build_base='build', install_base='install', merge_install=False, symlink_install=False, test_result_base=None, continue_on_error=False, executor='parallel', parallel_workers=16, event_handlers=None, ignore_user_meta=False, metas=['./colcon.meta'], base_paths=['.'], packages_ignore=None, packages_ignore_regex=None, paths=None, packages_up_to=None, packages_up_to_regex=None, packages_above=None, packages_above_and_dependencies=None, packages_above_depth=None, packages_select_by_dep=None, packages_skip_by_dep=None, packages_skip_up_to=None, packages_select_build_failed=False, packages_skip_build_finished=False, packages_select_test_failures=False, packages_skip_test_passed=False, packages_select=None, packages_skip=None, packages_select_regex=None, packages_skip_regex=None, packages_start=None, packages_end=None, allow_overriding=[], cmake_args=['-DPCL_DIR=/usr/lib/x86_64-linux-gnu/cmake/pcl'], cmake_target=None, cmake_target_skip_unavailable=False, cmake_clean_cache=False, cmake_clean_first=False, cmake_force_configure=False, ament_cmake_args=None, catkin_cmake_args=None, catkin_skip_building_tests=False, verb_parser=<colcon_defaults.argument_parser.defaults.DefaultArgumentsDecorator object at 0x71b02b23b580>, verb_extension=<colcon_core.verb.build.BuildVerb object at 0x71b02b37c9d0>, main=<bound method BuildVerb.main of <colcon_core.verb.build.BuildVerb object at 0x71b02b37c9d0>>)
[0.189s] Level 1:colcon.colcon_core.package_discovery:discover_packages(colcon_meta) check parameters
[0.189s] Level 1:colcon.colcon_core.package_discovery:discover_packages(recursive) check parameters
[0.189s] Level 1:colcon.colcon_core.package_discovery:discover_packages(ignore) check parameters
[0.189s] Level 1:colcon.colcon_core.package_discovery:discover_packages(path) check parameters
[0.189s] Level 1:colcon.colcon_core.package_discovery:discover_packages(colcon_meta) discover
[0.190s] Level 1:colcon.colcon_core.package_discovery:discover_packages(recursive) discover
[0.190s] INFO:colcon.colcon_core.package_discovery:Crawling recursively for packages in '/home/acdl/Workspace/ws_lidar/velodyne_segmentation'
[0.190s] Level 1:colcon.colcon_core.package_identification:_identify(.) by extensions ['ignore', 'ignore_ament_install']
[0.190s] Level 1:colcon.colcon_core.package_identification:_identify(.) by extension 'ignore'
[0.190s] Level 1:colcon.colcon_core.package_identification:_identify(.) by extension 'ignore_ament_install'
[0.190s] Level 1:colcon.colcon_core.package_identification:_identify(.) by extensions ['colcon_pkg']
[0.190s] Level 1:colcon.colcon_core.package_identification:_identify(.) by extension 'colcon_pkg'
[0.190s] Level 1:colcon.colcon_core.package_identification:_identify(.) by extensions ['colcon_meta']
[0.190s] Level 1:colcon.colcon_core.package_identification:_identify(.) by extension 'colcon_meta'
[0.190s] Level 1:colcon.colcon_core.package_identification:_identify(.) by extensions ['ros']
[0.190s] Level 1:colcon.colcon_core.package_identification:_identify(.) by extension 'ros'
[0.200s] DEBUG:colcon.colcon_core.package_identification:Package '.' with type 'ros.ament_cmake' and name 'velodyne_segmentation'
[0.200s] Level 1:colcon.colcon_core.package_discovery:discover_packages(recursive) using defaults
[0.200s] Level 1:colcon.colcon_core.package_discovery:discover_packages(ignore) discover
[0.200s] Level 1:colcon.colcon_core.package_discovery:discover_packages(ignore) using defaults
[0.200s] Level 1:colcon.colcon_core.package_discovery:discover_packages(path) discover
[0.200s] Level 1:colcon.colcon_core.package_discovery:discover_packages(path) using defaults
[0.213s] Level 1:colcon.colcon_core.package_discovery:discover_packages(prefix_path) check parameters
[0.213s] Level 1:colcon.colcon_core.package_discovery:discover_packages(prefix_path) discover
[0.215s] DEBUG:colcon.colcon_installed_package_information.package_discovery:Found 1 installed packages in /home/acdl/Workspace/ws_lidar/velodyne_segmentation/install
[0.216s] DEBUG:colcon.colcon_installed_package_information.package_discovery:Found 270 installed packages in /opt/ros/humble
[0.217s] Level 1:colcon.colcon_core.package_discovery:discover_packages(prefix_path) using defaults
[0.249s] Level 5:colcon.colcon_core.verb:set package 'velodyne_segmentation' build argument 'cmake_args' from command line to '['-DPCL_DIR=/usr/lib/x86_64-linux-gnu/cmake/pcl']'
[0.249s] Level 5:colcon.colcon_core.verb:set package 'velodyne_segmentation' build argument 'cmake_target' from command line to 'None'
[0.249s] Level 5:colcon.colcon_core.verb:set package 'velodyne_segmentation' build argument 'cmake_target_skip_unavailable' from command line to 'False'
[0.249s] Level 5:colcon.colcon_core.verb:set package 'velodyne_segmentation' build argument 'cmake_clean_cache' from command line to 'False'
[0.249s] Level 5:colcon.colcon_core.verb:set package 'velodyne_segmentation' build argument 'cmake_clean_first' from command line to 'False'
[0.249s] Level 5:colcon.colcon_core.verb:set package 'velodyne_segmentation' build argument 'cmake_force_configure' from command line to 'False'
[0.249s] Level 5:colcon.colcon_core.verb:set package 'velodyne_segmentation' build argument 'ament_cmake_args' from command line to 'None'
[0.249s] Level 5:colcon.colcon_core.verb:set package 'velodyne_segmentation' build argument 'catkin_cmake_args' from command line to 'None'
[0.249s] Level 5:colcon.colcon_core.verb:set package 'velodyne_segmentation' build argument 'catkin_skip_building_tests' from command line to 'False'
[0.249s] DEBUG:colcon.colcon_core.verb:Building package 'velodyne_segmentation' with the following arguments: {'ament_cmake_args': None, 'build_base': '/home/acdl/Workspace/ws_lidar/velodyne_segmentation/build/velodyne_segmentation', 'catkin_cmake_args': None, 'catkin_skip_building_tests': False, 'cmake_args': ['-DPCL_DIR=/usr/lib/x86_64-linux-gnu/cmake/pcl'], 'cmake_clean_cache': False, 'cmake_clean_first': False, 'cmake_force_configure': False, 'cmake_target': None, 'cmake_target_skip_unavailable': False, 'install_base': '/home/acdl/Workspace/ws_lidar/velodyne_segmentation/install/velodyne_segmentation', 'merge_install': False, 'path': '/home/acdl/Workspace/ws_lidar/velodyne_segmentation', 'symlink_install': False, 'test_result_base': None}
[0.249s] INFO:colcon.colcon_core.executor:Executing jobs using 'parallel' executor
[0.250s] DEBUG:colcon.colcon_parallel_executor.executor.parallel:run_until_complete
[0.250s] INFO:colcon.colcon_ros.task.ament_cmake.build:Building ROS package in '/home/acdl/Workspace/ws_lidar/velodyne_segmentation' with build type 'ament_cmake'
[0.250s] INFO:colcon.colcon_cmake.task.cmake.build:Building CMake package in '/home/acdl/Workspace/ws_lidar/velodyne_segmentation'
[0.251s] INFO:colcon.colcon_core.plugin_system:Skipping extension 'colcon_core.shell.bat': Not used on non-Windows systems
[0.252s] INFO:colcon.colcon_core.shell:Skip shell extension 'powershell' for command environment: Not usable outside of PowerShell
[0.252s] DEBUG:colcon.colcon_core.shell:Skip shell extension 'dsv' for command environment
[0.257s] DEBUG:colcon.colcon_core.event_handler.log_command:Invoking command in '/home/acdl/Workspace/ws_lidar/velodyne_segmentation/build/velodyne_segmentation': CMAKE_PREFIX_PATH=${CMAKE_PREFIX_PATH}:/opt/ros/humble /usr/bin/cmake /home/acdl/Workspace/ws_lidar/velodyne_segmentation -DPCL_DIR=/usr/lib/x86_64-linux-gnu/cmake/pcl -DCMAKE_INSTALL_PREFIX=/home/acdl/Workspace/ws_lidar/velodyne_segmentation/install/velodyne_segmentation
[0.943s] DEBUG:colcon.colcon_core.event_handler.log_command:Invoked command in '/home/acdl/Workspace/ws_lidar/velodyne_segmentation/build/velodyne_segmentation' returned '0': CMAKE_PREFIX_PATH=${CMAKE_PREFIX_PATH}:/opt/ros/humble /usr/bin/cmake /home/acdl/Workspace/ws_lidar/velodyne_segmentation -DPCL_DIR=/usr/lib/x86_64-linux-gnu/cmake/pcl -DCMAKE_INSTALL_PREFIX=/home/acdl/Workspace/ws_lidar/velodyne_segmentation/install/velodyne_segmentation
[0.944s] DEBUG:colcon.colcon_core.event_handler.log_command:Invoking command in '/home/acdl/Workspace/ws_lidar/velodyne_segmentation/build/velodyne_segmentation': CMAKE_PREFIX_PATH=${CMAKE_PREFIX_PATH}:/opt/ros/humble /usr/bin/cmake --build /home/acdl/Workspace/ws_lidar/velodyne_segmentation/build/velodyne_segmentation -- -j16 -l16
[11.337s] DEBUG:colcon.colcon_core.event_handler.log_command:Invoked command in '/home/acdl/Workspace/ws_lidar/velodyne_segmentation/build/velodyne_segmentation' returned '0': CMAKE_PREFIX_PATH=${CMAKE_PREFIX_PATH}:/opt/ros/humble /usr/bin/cmake --build /home/acdl/Workspace/ws_lidar/velodyne_segmentation/build/velodyne_segmentation -- -j16 -l16
[11.343s] DEBUG:colcon.colcon_core.event_handler.log_command:Invoking command in '/home/acdl/Workspace/ws_lidar/velodyne_segmentation/build/velodyne_segmentation': CMAKE_PREFIX_PATH=${CMAKE_PREFIX_PATH}:/opt/ros/humble /usr/bin/cmake --install /home/acdl/Workspace/ws_lidar/velodyne_segmentation/build/velodyne_segmentation
[11.352s] Level 1:colcon.colcon_core.environment:create_environment_scripts_only(velodyne_segmentation)
[11.353s] DEBUG:colcon.colcon_core.event_handler.log_command:Invoked command in '/home/acdl/Workspace/ws_lidar/velodyne_segmentation/build/velodyne_segmentation' returned '0': CMAKE_PREFIX_PATH=${CMAKE_PREFIX_PATH}:/opt/ros/humble /usr/bin/cmake --install /home/acdl/Workspace/ws_lidar/velodyne_segmentation/build/velodyne_segmentation
[11.354s] Level 1:colcon.colcon_core.environment:checking '/home/acdl/Workspace/ws_lidar/velodyne_segmentation/install/velodyne_segmentation' for CMake module files
[11.354s] Level 1:colcon.colcon_core.environment:checking '/home/acdl/Workspace/ws_lidar/velodyne_segmentation/install/velodyne_segmentation' for CMake config files
[11.354s] Level 1:colcon.colcon_core.shell:create_environment_hook('velodyne_segmentation', 'cmake_prefix_path')
[11.355s] INFO:colcon.colcon_core.shell:Creating environment hook '/home/acdl/Workspace/ws_lidar/velodyne_segmentation/install/velodyne_segmentation/share/velodyne_segmentation/hook/cmake_prefix_path.ps1'
[11.355s] INFO:colcon.colcon_core.shell:Creating environment descriptor '/home/acdl/Workspace/ws_lidar/velodyne_segmentation/install/velodyne_segmentation/share/velodyne_segmentation/hook/cmake_prefix_path.dsv'
[11.355s] INFO:colcon.colcon_core.shell:Creating environment hook '/home/acdl/Workspace/ws_lidar/velodyne_segmentation/install/velodyne_segmentation/share/velodyne_segmentation/hook/cmake_prefix_path.sh'
[11.356s] Level 1:colcon.colcon_core.environment:checking '/home/acdl/Workspace/ws_lidar/velodyne_segmentation/install/velodyne_segmentation/lib'
[11.356s] Level 1:colcon.colcon_core.environment:checking '/home/acdl/Workspace/ws_lidar/velodyne_segmentation/install/velodyne_segmentation/bin'
[11.356s] Level 1:colcon.colcon_core.environment:checking '/home/acdl/Workspace/ws_lidar/velodyne_segmentation/install/velodyne_segmentation/lib/pkgconfig/velodyne_segmentation.pc'
[11.356s] Level 1:colcon.colcon_core.environment:checking '/home/acdl/Workspace/ws_lidar/velodyne_segmentation/install/velodyne_segmentation/lib/python3.10/site-packages'
[11.356s] Level 1:colcon.colcon_core.environment:checking '/home/acdl/Workspace/ws_lidar/velodyne_segmentation/install/velodyne_segmentation/bin'
[11.357s] INFO:colcon.colcon_core.shell:Creating package script '/home/acdl/Workspace/ws_lidar/velodyne_segmentation/install/velodyne_segmentation/share/velodyne_segmentation/package.ps1'
[11.357s] INFO:colcon.colcon_core.shell:Creating package descriptor '/home/acdl/Workspace/ws_lidar/velodyne_segmentation/install/velodyne_segmentation/share/velodyne_segmentation/package.dsv'
[11.357s] INFO:colcon.colcon_core.shell:Creating package script '/home/acdl/Workspace/ws_lidar/velodyne_segmentation/install/velodyne_segmentation/share/velodyne_segmentation/package.sh'
[11.358s] INFO:colcon.colcon_core.shell:Creating package script '/home/acdl/Workspace/ws_lidar/velodyne_segmentation/install/velodyne_segmentation/share/velodyne_segmentation/package.bash'
[11.359s] INFO:colcon.colcon_core.shell:Creating package script '/home/acdl/Workspace/ws_lidar/velodyne_segmentation/install/velodyne_segmentation/share/velodyne_segmentation/package.zsh'
[11.359s] Level 1:colcon.colcon_core.environment:create_file_with_runtime_dependencies(/home/acdl/Workspace/ws_lidar/velodyne_segmentation/install/velodyne_segmentation/share/colcon-core/packages/velodyne_segmentation)
[11.359s] Level 1:colcon.colcon_core.environment:create_environment_scripts_only(velodyne_segmentation)
[11.360s] Level 1:colcon.colcon_core.environment:checking '/home/acdl/Workspace/ws_lidar/velodyne_segmentation/install/velodyne_segmentation' for CMake module files
[11.360s] Level 1:colcon.colcon_core.environment:checking '/home/acdl/Workspace/ws_lidar/velodyne_segmentation/install/velodyne_segmentation' for CMake config files
[11.360s] Level 1:colcon.colcon_core.shell:create_environment_hook('velodyne_segmentation', 'cmake_prefix_path')
[11.360s] INFO:colcon.colcon_core.shell:Creating environment hook '/home/acdl/Workspace/ws_lidar/velodyne_segmentation/install/velodyne_segmentation/share/velodyne_segmentation/hook/cmake_prefix_path.ps1'
[11.360s] INFO:colcon.colcon_core.shell:Creating environment descriptor '/home/acdl/Workspace/ws_lidar/velodyne_segmentation/install/velodyne_segmentation/share/velodyne_segmentation/hook/cmake_prefix_path.dsv'
[11.361s] INFO:colcon.colcon_core.shell:Creating environment hook '/home/acdl/Workspace/ws_lidar/velodyne_segmentation/install/velodyne_segmentation/share/velodyne_segmentation/hook/cmake_prefix_path.sh'
[11.361s] Level 1:colcon.colcon_core.environment:checking '/home/acdl/Workspace/ws_lidar/velodyne_segmentation/install/velodyne_segmentation/lib'
[11.361s] Level 1:colcon.colcon_core.environment:checking '/home/acdl/Workspace/ws_lidar/velodyne_segmentation/install/velodyne_segmentation/bin'
[11.361s] Level 1:colcon.colcon_core.environment:checking '/home/acdl/Workspace/ws_lidar/velodyne_segmentation/install/velodyne_segmentation/lib/pkgconfig/velodyne_segmentation.pc'
[11.361s] Level 1:colcon.colcon_core.environment:checking '/home/acdl/Workspace/ws_lidar/velodyne_segmentation/install/velodyne_segmentation/lib/python3.10/site-packages'
[11.361s] Level 1:colcon.colcon_core.environment:checking '/home/acdl/Workspace/ws_lidar/velodyne_segmentation/install/velodyne_segmentation/bin'
[11.361s] INFO:colcon.colcon_core.shell:Creating package script '/home/acdl/Workspace/ws_lidar/velodyne_segmentation/install/velodyne_segmentation/share/velodyne_segmentation/package.ps1'
[11.362s] INFO:colcon.colcon_core.shell:Creating package descriptor '/home/acdl/Workspace/ws_lidar/velodyne_segmentation/install/velodyne_segmentation/share/velodyne_segmentation/package.dsv'
[11.362s] INFO:colcon.colcon_core.shell:Creating package script '/home/acdl/Workspace/ws_lidar/velodyne_segmentation/install/velodyne_segmentation/share/velodyne_segmentation/package.sh'
[11.362s] INFO:colcon.colcon_core.shell:Creating package script '/home/acdl/Workspace/ws_lidar/velodyne_segmentation/install/velodyne_segmentation/share/velodyne_segmentation/package.bash'
[11.363s] INFO:colcon.colcon_core.shell:Creating package script '/home/acdl/Workspace/ws_lidar/velodyne_segmentation/install/velodyne_segmentation/share/velodyne_segmentation/package.zsh'
[11.363s] Level 1:colcon.colcon_core.environment:create_file_with_runtime_dependencies(/home/acdl/Workspace/ws_lidar/velodyne_segmentation/install/velodyne_segmentation/share/colcon-core/packages/velodyne_segmentation)
[11.363s] DEBUG:colcon.colcon_parallel_executor.executor.parallel:closing loop
[11.363s] DEBUG:colcon.colcon_parallel_executor.executor.parallel:loop closed
[11.363s] DEBUG:colcon.colcon_parallel_executor.executor.parallel:run_until_complete finished with '0'
[11.363s] DEBUG:colcon.colcon_core.event_reactor:joining thread
[11.367s] INFO:colcon.colcon_core.plugin_system:Skipping extension 'colcon_notification.desktop_notification.terminal_notifier': Not used on non-Darwin systems
[11.367s] INFO:colcon.colcon_core.plugin_system:Skipping extension 'colcon_notification.desktop_notification.win32': Not used on non-Windows systems
[11.367s] INFO:colcon.colcon_notification.desktop_notification:Sending desktop notification using 'notify2'
[11.377s] DEBUG:colcon.colcon_core.event_reactor:joined thread
[11.377s] INFO:colcon.colcon_core.shell:Creating prefix script '/home/acdl/Workspace/ws_lidar/velodyne_segmentation/install/local_setup.ps1'
[11.378s] INFO:colcon.colcon_core.shell:Creating prefix util module '/home/acdl/Workspace/ws_lidar/velodyne_segmentation/install/_local_setup_util_ps1.py'
[11.379s] INFO:colcon.colcon_core.shell:Creating prefix chain script '/home/acdl/Workspace/ws_lidar/velodyne_segmentation/install/setup.ps1'
[11.380s] INFO:colcon.colcon_core.shell:Creating prefix script '/home/acdl/Workspace/ws_lidar/velodyne_segmentation/install/local_setup.sh'
[11.380s] INFO:colcon.colcon_core.shell:Creating prefix util module '/home/acdl/Workspace/ws_lidar/velodyne_segmentation/install/_local_setup_util_sh.py'
[11.381s] INFO:colcon.colcon_core.shell:Creating prefix chain script '/home/acdl/Workspace/ws_lidar/velodyne_segmentation/install/setup.sh'
[11.381s] INFO:colcon.colcon_core.shell:Creating prefix script '/home/acdl/Workspace/ws_lidar/velodyne_segmentation/install/local_setup.bash'
[11.382s] INFO:colcon.colcon_core.shell:Creating prefix chain script '/home/acdl/Workspace/ws_lidar/velodyne_segmentation/install/setup.bash'
[11.382s] INFO:colcon.colcon_core.shell:Creating prefix script '/home/acdl/Workspace/ws_lidar/velodyne_segmentation/install/local_setup.zsh'
[11.383s] INFO:colcon.colcon_core.shell:Creating prefix chain script '/home/acdl/Workspace/ws_lidar/velodyne_segmentation/install/setup.zsh'
