[0.007s] Invoking command in '/home/acdl/Workspace/ws_lidar/velodyne_segmentation/build/velodyne_segmentation': CMAKE_PREFIX_PATH=${CMAKE_PREFIX_PATH}:/opt/ros/humble /usr/bin/cmake --build /home/acdl/Workspace/ws_lidar/velodyne_segmentation/build/velodyne_segmentation -- -j16 -l16
[0.024s] -- Found ament_cmake: 1.3.12 (/opt/ros/humble/share/ament_cmake/cmake)
[0.107s] -- Found rclcpp: 16.0.14 (/opt/ros/humble/share/rclcpp/cmake)
[0.128s] -- Found rosidl_generator_c: 3.1.7 (/opt/ros/humble/share/rosidl_generator_c/cmake)
[0.130s] -- Found rosidl_adapter: 3.1.7 (/opt/ros/humble/share/rosidl_adapter/cmake)
[0.134s] -- Found rosidl_generator_cpp: 3.1.7 (/opt/ros/humble/share/rosidl_generator_cpp/cmake)
[0.141s] -- Using all available rosidl_typesupport_c: rosidl_typesupport_fastrtps_c;rosidl_typesupport_introspection_c
[0.151s] -- Using all available rosidl_typesupport_cpp: rosidl_typesupport_fastrtps_cpp;rosidl_typesupport_introspection_cpp
[0.175s] -- Found rmw_implementation_cmake: 6.1.2 (/opt/ros/humble/share/rmw_implementation_cmake/cmake)
[0.176s] -- Found rmw_fastrtps_cpp: 6.2.8 (/opt/ros/humble/share/rmw_fastrtps_cpp/cmake)
[0.239s] -- Using RMW implementation 'rmw_fastrtps_cpp' as default
[0.276s] -- Found sensor_msgs: 4.9.0 (/opt/ros/humble/share/sensor_msgs/cmake)
[0.298s] -- Found visualization_msgs: 4.9.0 (/opt/ros/humble/share/visualization_msgs/cmake)
[0.322s] -- Eigen found (include: /usr/include/eigen3, version: 3.4.0)
[0.341s] -- FLANN found (include: /usr/include, lib: /usr/lib/x86_64-linux-gnu/libflann_cpp.so)
[0.615s] -- looking for PCL_COMMON
[0.615s] -- looking for PCL_SAMPLE_CONSENSUS
[0.616s] -- looking for PCL_KDTREE
[0.616s] -- looking for PCL_OCTREE
[0.616s] -- looking for PCL_FILTERS
[0.616s] -- looking for PCL_GEOMETRY
[0.617s] -- looking for PCL_2D
[0.617s] -- looking for PCL_FEATURES
[0.617s] -- looking for PCL_ML
[0.617s] -- looking for PCL_SEGMENTATION
[0.618s] -- looking for PCL_SEARCH
[0.618s] -- Found pcl_conversions: 2.4.5 (/opt/ros/humble/share/pcl_conversions/cmake)
[0.686s] -- Configuring done
[0.702s] -- Generating done
[0.706s] -- Build files have been written to: /home/acdl/Workspace/ws_lidar/velodyne_segmentation/build/velodyne_segmentation
[0.727s] [35m[1mConsolidate compiler generated dependencies of target lidar_segmentation_node[0m
[0.743s] [100%] Built target lidar_segmentation_node
[0.750s] Invoked command in '/home/acdl/Workspace/ws_lidar/velodyne_segmentation/build/velodyne_segmentation' returned '0': CMAKE_PREFIX_PATH=${CMAKE_PREFIX_PATH}:/opt/ros/humble /usr/bin/cmake --build /home/acdl/Workspace/ws_lidar/velodyne_segmentation/build/velodyne_segmentation -- -j16 -l16
[0.756s] Invoking command in '/home/acdl/Workspace/ws_lidar/velodyne_segmentation/build/velodyne_segmentation': CMAKE_PREFIX_PATH=${CMAKE_PREFIX_PATH}:/opt/ros/humble /usr/bin/cmake --install /home/acdl/Workspace/ws_lidar/velodyne_segmentation/build/velodyne_segmentation
[0.760s] -- Install configuration: ""
[0.760s] -- Up-to-date: /home/acdl/Workspace/ws_lidar/velodyne_segmentation/install/velodyne_segmentation/lib/velodyne_segmentation/lidar_segmentation_node
[0.760s] -- Up-to-date: /home/acdl/Workspace/ws_lidar/velodyne_segmentation/install/velodyne_segmentation/share/velodyne_segmentation/launch
[0.761s] -- Up-to-date: /home/acdl/Workspace/ws_lidar/velodyne_segmentation/install/velodyne_segmentation/share/velodyne_segmentation/launch/seg.launch.py
[0.761s] -- Up-to-date: /home/acdl/Workspace/ws_lidar/velodyne_segmentation/install/velodyne_segmentation/share/ament_index/resource_index/package_run_dependencies/velodyne_segmentation
[0.761s] -- Up-to-date: /home/acdl/Workspace/ws_lidar/velodyne_segmentation/install/velodyne_segmentation/share/ament_index/resource_index/parent_prefix_path/velodyne_segmentation
[0.761s] -- Up-to-date: /home/acdl/Workspace/ws_lidar/velodyne_segmentation/install/velodyne_segmentation/share/velodyne_segmentation/environment/ament_prefix_path.sh
[0.761s] -- Installing: /home/acdl/Workspace/ws_lidar/velodyne_segmentation/install/velodyne_segmentation/share/velodyne_segmentation/environment/ament_prefix_path.dsv
[0.761s] -- Up-to-date: /home/acdl/Workspace/ws_lidar/velodyne_segmentation/install/velodyne_segmentation/share/velodyne_segmentation/environment/path.sh
[0.761s] -- Installing: /home/acdl/Workspace/ws_lidar/velodyne_segmentation/install/velodyne_segmentation/share/velodyne_segmentation/environment/path.dsv
[0.761s] -- Up-to-date: /home/acdl/Workspace/ws_lidar/velodyne_segmentation/install/velodyne_segmentation/share/velodyne_segmentation/local_setup.bash
[0.761s] -- Up-to-date: /home/acdl/Workspace/ws_lidar/velodyne_segmentation/install/velodyne_segmentation/share/velodyne_segmentation/local_setup.sh
[0.761s] -- Up-to-date: /home/acdl/Workspace/ws_lidar/velodyne_segmentation/install/velodyne_segmentation/share/velodyne_segmentation/local_setup.zsh
[0.761s] -- Installing: /home/acdl/Workspace/ws_lidar/velodyne_segmentation/install/velodyne_segmentation/share/velodyne_segmentation/local_setup.dsv
[0.761s] -- Installing: /home/acdl/Workspace/ws_lidar/velodyne_segmentation/install/velodyne_segmentation/share/velodyne_segmentation/package.dsv
[0.761s] -- Up-to-date: /home/acdl/Workspace/ws_lidar/velodyne_segmentation/install/velodyne_segmentation/share/ament_index/resource_index/packages/velodyne_segmentation
[0.761s] -- Up-to-date: /home/acdl/Workspace/ws_lidar/velodyne_segmentation/install/velodyne_segmentation/share/velodyne_segmentation/cmake/velodyne_segmentationConfig.cmake
[0.761s] -- Up-to-date: /home/acdl/Workspace/ws_lidar/velodyne_segmentation/install/velodyne_segmentation/share/velodyne_segmentation/cmake/velodyne_segmentationConfig-version.cmake
[0.761s] -- Up-to-date: /home/acdl/Workspace/ws_lidar/velodyne_segmentation/install/velodyne_segmentation/share/velodyne_segmentation/package.xml
[0.762s] Invoked command in '/home/acdl/Workspace/ws_lidar/velodyne_segmentation/build/velodyne_segmentation' returned '0': CMAKE_PREFIX_PATH=${CMAKE_PREFIX_PATH}:/opt/ros/humble /usr/bin/cmake --install /home/acdl/Workspace/ws_lidar/velodyne_segmentation/build/velodyne_segmentation
