[35m[1mConsolidate compiler generated dependencies of target lidar_segmentation_node[0m
[ 50%] [32mBuilding CXX object CMakeFiles/lidar_segmentation_node.dir/src/lidar_segmentation_node.cpp.o[0m
[100%] [32m[1mLinking CXX executable lidar_segmentation_node[0m
[100%] Built target lidar_segmentation_node
-- Install configuration: ""
-- Installing: /home/acdl/Workspace/ws_lidar/velodyne_segmentation/install/velodyne_segmentation/lib/velodyne_segmentation/lidar_segmentation_node
-- Set runtime path of "/home/acdl/Workspace/ws_lidar/velodyne_segmentation/install/velodyne_segmentation/lib/velodyne_segmentation/lidar_segmentation_node" to ""
-- Up-to-date: /home/acdl/Workspace/ws_lidar/velodyne_segmentation/install/velodyne_segmentation/share/velodyne_segmentation/launch
-- Up-to-date: /home/acdl/Workspace/ws_lidar/velodyne_segmentation/install/velodyne_segmentation/share/velodyne_segmentation/launch/seg.launch.py
-- Up-to-date: /home/acdl/Workspace/ws_lidar/velodyne_segmentation/install/velodyne_segmentation/share/ament_index/resource_index/package_run_dependencies/velodyne_segmentation
-- Up-to-date: /home/acdl/Workspace/ws_lidar/velodyne_segmentation/install/velodyne_segmentation/share/ament_index/resource_index/parent_prefix_path/velodyne_segmentation
-- Up-to-date: /home/acdl/Workspace/ws_lidar/velodyne_segmentation/install/velodyne_segmentation/share/velodyne_segmentation/environment/ament_prefix_path.sh
-- Up-to-date: /home/acdl/Workspace/ws_lidar/velodyne_segmentation/install/velodyne_segmentation/share/velodyne_segmentation/environment/ament_prefix_path.dsv
-- Up-to-date: /home/acdl/Workspace/ws_lidar/velodyne_segmentation/install/velodyne_segmentation/share/velodyne_segmentation/environment/path.sh
-- Up-to-date: /home/acdl/Workspace/ws_lidar/velodyne_segmentation/install/velodyne_segmentation/share/velodyne_segmentation/environment/path.dsv
-- Up-to-date: /home/acdl/Workspace/ws_lidar/velodyne_segmentation/install/velodyne_segmentation/share/velodyne_segmentation/local_setup.bash
-- Up-to-date: /home/acdl/Workspace/ws_lidar/velodyne_segmentation/install/velodyne_segmentation/share/velodyne_segmentation/local_setup.sh
-- Up-to-date: /home/acdl/Workspace/ws_lidar/velodyne_segmentation/install/velodyne_segmentation/share/velodyne_segmentation/local_setup.zsh
-- Up-to-date: /home/acdl/Workspace/ws_lidar/velodyne_segmentation/install/velodyne_segmentation/share/velodyne_segmentation/local_setup.dsv
-- Installing: /home/acdl/Workspace/ws_lidar/velodyne_segmentation/install/velodyne_segmentation/share/velodyne_segmentation/package.dsv
-- Up-to-date: /home/acdl/Workspace/ws_lidar/velodyne_segmentation/install/velodyne_segmentation/share/ament_index/resource_index/packages/velodyne_segmentation
-- Up-to-date: /home/acdl/Workspace/ws_lidar/velodyne_segmentation/install/velodyne_segmentation/share/velodyne_segmentation/cmake/velodyne_segmentationConfig.cmake
-- Up-to-date: /home/acdl/Workspace/ws_lidar/velodyne_segmentation/install/velodyne_segmentation/share/velodyne_segmentation/cmake/velodyne_segmentationConfig-version.cmake
-- Up-to-date: /home/acdl/Workspace/ws_lidar/velodyne_segmentation/install/velodyne_segmentation/share/velodyne_segmentation/package.xml
