[0.006s] Invoking command in '/home/acdl/Workspace/ws_lidar/velodyne_segmentation/build/velodyne_segmentation': CMAKE_PREFIX_PATH=${CMAKE_PREFIX_PATH}:/opt/ros/humble /usr/bin/cmake /home/acdl/Workspace/ws_lidar/velodyne_segmentation -DPCL_DIR=/usr/lib/x86_64-linux-gnu/cmake/pcl -DCMAKE_INSTALL_PREFIX=/home/acdl/Workspace/ws_lidar/velodyne_segmentation/install/velodyne_segmentation
[0.039s] -- The C compiler identification is GNU 11.4.0
[0.074s] -- The CXX compiler identification is GNU 11.4.0
[0.080s] -- Detecting C compiler ABI info
[0.121s] -- Detecting C compiler ABI info - done
[0.128s] -- Check for working C compiler: /usr/bin/cc - skipped
[0.128s] -- Detecting C compile features
[0.128s] -- Detecting C compile features - done
[0.131s] -- Detecting CXX compiler ABI info
[0.182s] -- Detecting CXX compiler ABI info - done
[0.189s] -- Check for working CXX compiler: /usr/bin/c++ - skipped
[0.190s] -- Detecting CXX compile features
[0.190s] -- Detecting CXX compile features - done
[0.200s] -- Found ament_cmake: 1.3.12 (/opt/ros/humble/share/ament_cmake/cmake)
[0.297s] -- Found Python3: /usr/bin/python3 (found version "3.10.12") found components: Interpreter 
[0.358s] -- Found rclcpp: 16.0.14 (/opt/ros/humble/share/rclcpp/cmake)
[0.385s] -- Found rosidl_generator_c: 3.1.7 (/opt/ros/humble/share/rosidl_generator_c/cmake)
[0.389s] -- Found rosidl_adapter: 3.1.7 (/opt/ros/humble/share/rosidl_adapter/cmake)
[0.394s] -- Found rosidl_generator_cpp: 3.1.7 (/opt/ros/humble/share/rosidl_generator_cpp/cmake)
[0.404s] -- Using all available rosidl_typesupport_c: rosidl_typesupport_fastrtps_c;rosidl_typesupport_introspection_c
[0.415s] -- Using all available rosidl_typesupport_cpp: rosidl_typesupport_fastrtps_cpp;rosidl_typesupport_introspection_cpp
[0.446s] -- Found rmw_implementation_cmake: 6.1.2 (/opt/ros/humble/share/rmw_implementation_cmake/cmake)
[0.447s] -- Found rmw_fastrtps_cpp: 6.2.8 (/opt/ros/humble/share/rmw_fastrtps_cpp/cmake)
[0.496s] -- Found OpenSSL: /usr/lib/x86_64-linux-gnu/libcrypto.so (found version "3.0.2")  
[0.512s] -- Found FastRTPS: /opt/ros/humble/include  
[0.536s] -- Using RMW implementation 'rmw_fastrtps_cpp' as default
[0.541s] -- Looking for pthread.h
[0.586s] -- Looking for pthread.h - found
[0.587s] -- Performing Test CMAKE_HAVE_LIBC_PTHREAD
[0.631s] -- Performing Test CMAKE_HAVE_LIBC_PTHREAD - Success
[0.633s] -- Found Threads: TRUE  
[0.671s] -- Found sensor_msgs: 4.9.0 (/opt/ros/humble/share/sensor_msgs/cmake)
[0.694s] -- Found visualization_msgs: 4.9.0 (/opt/ros/humble/share/visualization_msgs/cmake)
[0.717s] -- Checking for module 'eigen3'
[0.724s] --   Found eigen3, version 3.4.0
[0.740s] -- Found Eigen: /usr/include/eigen3 (Required is at least version "3.1") 
[0.740s] -- Eigen found (include: /usr/include/eigen3, version: 3.4.0)
[0.751s] -- Found Boost: /usr/lib/x86_64-linux-gnu/cmake/Boost-1.74.0/BoostConfig.cmake (found suitable version "1.74.0", minimum required is "1.65.0") found components: system filesystem date_time iostreams serialization 
[0.760s] -- Checking for module 'flann'
[0.767s] --   Found flann, version 1.9.1
[0.787s] -- Found FLANN: /usr/lib/x86_64-linux-gnu/libflann_cpp.so  
[0.787s] -- FLANN found (include: /usr/include, lib: /usr/lib/x86_64-linux-gnu/libflann_cpp.so)
[0.812s] -- Found GLEW: /usr/lib/x86_64-linux-gnu/libGLEW.so  
[0.816s] -- Found OpenGL: /usr/lib/x86_64-linux-gnu/libOpenGL.so  found components: OpenGL GLX 
[0.904s] -- Found MPI_C: /usr/lib/x86_64-linux-gnu/libmpi.so (found version "3.1") 
[0.904s] -- Found MPI: TRUE (found version "3.1") found components: C 
[0.906s] -- Found JsonCpp: /usr/lib/x86_64-linux-gnu/libjsoncpp.so (found suitable version "1.9.5", minimum required is "0.7.0") 
[0.911s] -- Found ZLIB: /usr/lib/x86_64-linux-gnu/libz.so (found version "1.2.11") 
[0.922s] -- Found PNG: /usr/lib/x86_64-linux-gnu/libpng.so (found version "1.6.37") 
[0.930s] -- Found Eigen3: /usr/include/eigen3 (found version "3.4.0") 
[0.978s] -- Found X11: /usr/include   
[0.978s] -- Looking for XOpenDisplay in /usr/lib/x86_64-linux-gnu/libX11.so;/usr/lib/x86_64-linux-gnu/libXext.so
[1.022s] -- Looking for XOpenDisplay in /usr/lib/x86_64-linux-gnu/libX11.so;/usr/lib/x86_64-linux-gnu/libXext.so - found
[1.022s] -- Looking for gethostbyname
[1.066s] -- Looking for gethostbyname - found
[1.066s] -- Looking for connect
[1.110s] -- Looking for connect - found
[1.110s] -- Looking for remove
[1.153s] -- Looking for remove - found
[1.153s] -- Looking for shmat
[1.198s] -- Looking for shmat - found
[1.198s] -- Looking for IceConnectionNumber in ICE
[1.243s] -- Looking for IceConnectionNumber in ICE - found
[1.287s] -- Found EXPAT: /usr/lib/x86_64-linux-gnu/libexpat.so (found version "2.4.7") 
[1.288s] -- Found double-conversion: /usr/lib/x86_64-linux-gnu/libdouble-conversion.so  
[1.290s] -- Found LZ4: /usr/lib/x86_64-linux-gnu/liblz4.so (found version "1.9.3") 
[1.291s] -- Found LZMA: /usr/lib/x86_64-linux-gnu/liblzma.so (found version "5.2.5") 
[1.298s] -- Found JPEG: /usr/lib/x86_64-linux-gnu/libjpeg.so (found version "80") 
[1.301s] -- Found TIFF: /usr/lib/x86_64-linux-gnu/libtiff.so (found version "4.3.0")  
[1.304s] -- Found Freetype: /usr/lib/x86_64-linux-gnu/libfreetype.so (found version "2.11.1") 
[1.307s] -- Found utf8cpp: /usr/include/utf8cpp  
[1.414s] -- looking for PCL_COMMON
[1.414s] -- Found PCL_COMMON: /usr/lib/x86_64-linux-gnu/libpcl_common.so  
[1.415s] -- looking for PCL_SAMPLE_CONSENSUS
[1.415s] -- Found PCL_SAMPLE_CONSENSUS: /usr/lib/x86_64-linux-gnu/libpcl_sample_consensus.so  
[1.415s] -- looking for PCL_KDTREE
[1.416s] -- Found PCL_KDTREE: /usr/lib/x86_64-linux-gnu/libpcl_kdtree.so  
[1.416s] -- looking for PCL_OCTREE
[1.417s] -- Found PCL_OCTREE: /usr/lib/x86_64-linux-gnu/libpcl_octree.so  
[1.417s] -- looking for PCL_FILTERS
[1.417s] -- Found PCL_FILTERS: /usr/lib/x86_64-linux-gnu/libpcl_filters.so  
[1.417s] -- looking for PCL_GEOMETRY
[1.417s] -- Found PCL_GEOMETRY: /usr/include/pcl-1.12  
[1.418s] -- looking for PCL_2D
[1.418s] -- Found PCL_2D: /usr/include/pcl-1.12  
[1.418s] -- looking for PCL_FEATURES
[1.418s] -- Found PCL_FEATURES: /usr/lib/x86_64-linux-gnu/libpcl_features.so  
[1.419s] -- looking for PCL_ML
[1.419s] -- Found PCL_ML: /usr/lib/x86_64-linux-gnu/libpcl_ml.so  
[1.419s] -- looking for PCL_SEGMENTATION
[1.420s] -- Found PCL_SEGMENTATION: /usr/lib/x86_64-linux-gnu/libpcl_segmentation.so  
[1.420s] -- looking for PCL_SEARCH
[1.420s] -- Found PCL_SEARCH: /usr/lib/x86_64-linux-gnu/libpcl_search.so  
[1.421s] -- Found PCL: pcl_common;pcl_sample_consensus;pcl_kdtree;pcl_octree;pcl_filters;pcl_features;pcl_ml;pcl_segmentation;pcl_search;Boost::system;Boost::filesystem;Boost::date_time;Boost::iostreams;Boost::serialization;VTK::ChartsCore;VTK::CommonColor;VTK::CommonComputationalGeometry;VTK::CommonCore;VTK::CommonDataModel;VTK::CommonExecutionModel;VTK::CommonMath;VTK::CommonMisc;VTK::CommonTransforms;VTK::FiltersCore;VTK::FiltersExtraction;VTK::FiltersGeneral;VTK::FiltersGeometry;VTK::FiltersModeling;VTK::FiltersSources;VTK::ImagingCore;VTK::ImagingSources;VTK::InteractionImage;VTK::InteractionStyle;VTK::InteractionWidgets;VTK::IOCore;VTK::IOGeometry;VTK::IOImage;VTK::IOLegacy;VTK::IOPLY;VTK::RenderingAnnotation;VTK::RenderingCore;VTK::RenderingContext2D;VTK::RenderingLOD;VTK::RenderingFreeType;VTK::ViewsCore;VTK::ViewsContext2D;VTK::RenderingOpenGL2;VTK::GUISupportQt;FLANN::FLANN  
[1.426s] [31mCMake Error at CMakeLists.txt:13 (find_package):
[1.426s]   By not providing "Findpcl_conversions.cmake" in CMAKE_MODULE_PATH this
[1.426s]   project has asked CMake to find a package configuration file provided by
[1.426s]   "pcl_conversions", but CMake did not find one.
[1.426s] 
[1.426s]   Could not find a package configuration file provided by "pcl_conversions"
[1.426s]   with any of the following names:
[1.426s] 
[1.426s]     pcl_conversionsConfig.cmake
[1.426s]     pcl_conversions-config.cmake
[1.427s] 
[1.427s]   Add the installation prefix of "pcl_conversions" to CMAKE_PREFIX_PATH or
[1.427s]   set "pcl_conversions_DIR" to a directory containing one of the above files.
[1.427s]   If "pcl_conversions" provides a separate development package or SDK, be
[1.427s]   sure it has been installed.
[1.427s] 
[1.427s] [0m
[1.427s] -- Configuring incomplete, errors occurred!
[1.427s] See also "/home/acdl/Workspace/ws_lidar/velodyne_segmentation/build/velodyne_segmentation/CMakeFiles/CMakeOutput.log".
[1.437s] Invoked command in '/home/acdl/Workspace/ws_lidar/velodyne_segmentation/build/velodyne_segmentation' returned '1': CMAKE_PREFIX_PATH=${CMAKE_PREFIX_PATH}:/opt/ros/humble /usr/bin/cmake /home/acdl/Workspace/ws_lidar/velodyne_segmentation -DPCL_DIR=/usr/lib/x86_64-linux-gnu/cmake/pcl -DCMAKE_INSTALL_PREFIX=/home/acdl/Workspace/ws_lidar/velodyne_segmentation/install/velodyne_segmentation
