-- Found ament_cmake: 1.3.12 (/opt/ros/humble/share/ament_cmake/cmake)
-- Found rclcpp: 16.0.14 (/opt/ros/humble/share/rclcpp/cmake)
-- Found rosidl_generator_c: 3.1.7 (/opt/ros/humble/share/rosidl_generator_c/cmake)
-- Found rosidl_adapter: 3.1.7 (/opt/ros/humble/share/rosidl_adapter/cmake)
-- Found rosidl_generator_cpp: 3.1.7 (/opt/ros/humble/share/rosidl_generator_cpp/cmake)
-- Using all available rosidl_typesupport_c: rosidl_typesupport_fastrtps_c;rosidl_typesupport_introspection_c
-- Using all available rosidl_typesupport_cpp: rosidl_typesupport_fastrtps_cpp;rosidl_typesupport_introspection_cpp
-- Found rmw_implementation_cmake: 6.1.2 (/opt/ros/humble/share/rmw_implementation_cmake/cmake)
-- Found rmw_fastrtps_cpp: 6.2.8 (/opt/ros/humble/share/rmw_fastrtps_cpp/cmake)
-- Using RMW implementation 'rmw_fastrtps_cpp' as default
-- Found sensor_msgs: 4.9.0 (/opt/ros/humble/share/sensor_msgs/cmake)
-- Found visualization_msgs: 4.9.0 (/opt/ros/humble/share/visualization_msgs/cmake)
-- Eigen found (include: /usr/include/eigen3, version: 3.4.0)
-- FLANN found (include: /usr/include, lib: /usr/lib/x86_64-linux-gnu/libflann_cpp.so)
-- looking for PCL_COMMON
-- looking for PCL_SAMPLE_CONSENSUS
-- looking for PCL_KDTREE
-- looking for PCL_OCTREE
-- looking for PCL_FILTERS
-- looking for PCL_GEOMETRY
-- looking for PCL_2D
-- looking for PCL_FEATURES
-- looking for PCL_ML
-- looking for PCL_SEGMENTATION
-- looking for PCL_SEARCH
[31mCMake Error at CMakeLists.txt:13 (find_package):
  By not providing "Findpcl_conversions.cmake" in CMAKE_MODULE_PATH this
  project has asked CMake to find a package configuration file provided by
  "pcl_conversions", but CMake did not find one.

  Could not find a package configuration file provided by "pcl_conversions"
  with any of the following names:

    pcl_conversionsConfig.cmake
    pcl_conversions-config.cmake

  Add the installation prefix of "pcl_conversions" to CMAKE_PREFIX_PATH or
  set "pcl_conversions_DIR" to a directory containing one of the above files.
  If "pcl_conversions" provides a separate development package or SDK, be
  sure it has been installed.

[0m
-- Configuring incomplete, errors occurred!
See also "/home/acdl/Workspace/ws_lidar/velodyne_segmentation/build/velodyne_segmentation/CMakeFiles/CMakeOutput.log".
