[0.007s] Invoking command in '/home/acdl/Workspace/ws_lidar/velodyne_segmentation/build/velodyne_segmentation': CMAKE_PREFIX_PATH=${CMAKE_PREFIX_PATH}:/opt/ros/humble /usr/bin/cmake /home/acdl/Workspace/ws_lidar/velodyne_segmentation -DPCL_DIR=/usr/lib/x86_64-linux-gnu/cmake/pcl -DCMAKE_INSTALL_PREFIX=/home/acdl/Workspace/ws_lidar/velodyne_segmentation/install/velodyne_segmentation
[0.014s] -- Found ament_cmake: 1.3.12 (/opt/ros/humble/share/ament_cmake/cmake)
[0.100s] -- Found rclcpp: 16.0.14 (/opt/ros/humble/share/rclcpp/cmake)
[0.119s] -- Found rosidl_generator_c: 3.1.7 (/opt/ros/humble/share/rosidl_generator_c/cmake)
[0.121s] -- Found rosidl_adapter: 3.1.7 (/opt/ros/humble/share/rosidl_adapter/cmake)
[0.125s] -- Found rosidl_generator_cpp: 3.1.7 (/opt/ros/humble/share/rosidl_generator_cpp/cmake)
[0.131s] -- Using all available rosidl_typesupport_c: rosidl_typesupport_fastrtps_c;rosidl_typesupport_introspection_c
[0.140s] -- Using all available rosidl_typesupport_cpp: rosidl_typesupport_fastrtps_cpp;rosidl_typesupport_introspection_cpp
[0.163s] -- Found rmw_implementation_cmake: 6.1.2 (/opt/ros/humble/share/rmw_implementation_cmake/cmake)
[0.164s] -- Found rmw_fastrtps_cpp: 6.2.8 (/opt/ros/humble/share/rmw_fastrtps_cpp/cmake)
[0.225s] -- Using RMW implementation 'rmw_fastrtps_cpp' as default
[0.260s] -- Found sensor_msgs: 4.9.0 (/opt/ros/humble/share/sensor_msgs/cmake)
[0.281s] -- Found visualization_msgs: 4.9.0 (/opt/ros/humble/share/visualization_msgs/cmake)
[0.304s] -- Eigen found (include: /usr/include/eigen3, version: 3.4.0)
[0.322s] -- FLANN found (include: /usr/include, lib: /usr/lib/x86_64-linux-gnu/libflann_cpp.so)
[0.592s] -- looking for PCL_COMMON
[0.593s] -- looking for PCL_SAMPLE_CONSENSUS
[0.593s] -- looking for PCL_KDTREE
[0.593s] -- looking for PCL_OCTREE
[0.593s] -- looking for PCL_FILTERS
[0.594s] -- looking for PCL_GEOMETRY
[0.594s] -- looking for PCL_2D
[0.594s] -- looking for PCL_FEATURES
[0.594s] -- looking for PCL_ML
[0.595s] -- looking for PCL_SEGMENTATION
[0.595s] -- looking for PCL_SEARCH
[0.601s] [31mCMake Error at CMakeLists.txt:13 (find_package):
[0.601s]   By not providing "Findpcl_conversions.cmake" in CMAKE_MODULE_PATH this
[0.601s]   project has asked CMake to find a package configuration file provided by
[0.601s]   "pcl_conversions", but CMake did not find one.
[0.601s] 
[0.601s]   Could not find a package configuration file provided by "pcl_conversions"
[0.601s]   with any of the following names:
[0.601s] 
[0.601s]     pcl_conversionsConfig.cmake
[0.601s]     pcl_conversions-config.cmake
[0.601s] 
[0.601s]   Add the installation prefix of "pcl_conversions" to CMAKE_PREFIX_PATH or
[0.601s]   set "pcl_conversions_DIR" to a directory containing one of the above files.
[0.601s]   If "pcl_conversions" provides a separate development package or SDK, be
[0.601s]   sure it has been installed.
[0.601s] 
[0.601s] [0m
[0.601s] -- Configuring incomplete, errors occurred!
[0.601s] See also "/home/acdl/Workspace/ws_lidar/velodyne_segmentation/build/velodyne_segmentation/CMakeFiles/CMakeOutput.log".
[0.609s] Invoked command in '/home/acdl/Workspace/ws_lidar/velodyne_segmentation/build/velodyne_segmentation' returned '1': CMAKE_PREFIX_PATH=${CMAKE_PREFIX_PATH}:/opt/ros/humble /usr/bin/cmake /home/acdl/Workspace/ws_lidar/velodyne_segmentation -DPCL_DIR=/usr/lib/x86_64-linux-gnu/cmake/pcl -DCMAKE_INSTALL_PREFIX=/home/acdl/Workspace/ws_lidar/velodyne_segmentation/install/velodyne_segmentation
