[0.007s] Invoking command in '/home/acdl/Workspace/ws_lidar/velodyne_segmentation/build/velodyne_segmentation': CMAKE_PREFIX_PATH=${CMAKE_PREFIX_PATH}:/opt/ros/humble /usr/bin/cmake --build /home/acdl/Workspace/ws_lidar/velodyne_segmentation/build/velodyne_segmentation -- -j16 -l16
[0.023s] -- Found ament_cmake: 1.3.12 (/opt/ros/humble/share/ament_cmake/cmake)
[0.107s] -- Found rclcpp: 16.0.14 (/opt/ros/humble/share/rclcpp/cmake)
[0.129s] -- Found rosidl_generator_c: 3.1.7 (/opt/ros/humble/share/rosidl_generator_c/cmake)
[0.130s] -- Found rosidl_adapter: 3.1.7 (/opt/ros/humble/share/rosidl_adapter/cmake)
[0.135s] -- Found rosidl_generator_cpp: 3.1.7 (/opt/ros/humble/share/rosidl_generator_cpp/cmake)
[0.141s] -- Using all available rosidl_typesupport_c: rosidl_typesupport_fastrtps_c;rosidl_typesupport_introspection_c
[0.152s] -- Using all available rosidl_typesupport_cpp: rosidl_typesupport_fastrtps_cpp;rosidl_typesupport_introspection_cpp
[0.178s] -- Found rmw_implementation_cmake: 6.1.2 (/opt/ros/humble/share/rmw_implementation_cmake/cmake)
[0.179s] -- Found rmw_fastrtps_cpp: 6.2.8 (/opt/ros/humble/share/rmw_fastrtps_cpp/cmake)
[0.245s] -- Using RMW implementation 'rmw_fastrtps_cpp' as default
[0.284s] -- Found sensor_msgs: 4.9.0 (/opt/ros/humble/share/sensor_msgs/cmake)
[0.306s] -- Found visualization_msgs: 4.9.0 (/opt/ros/humble/share/visualization_msgs/cmake)
[0.331s] -- Eigen found (include: /usr/include/eigen3, version: 3.4.0)
[0.351s] -- FLANN found (include: /usr/include, lib: /usr/lib/x86_64-linux-gnu/libflann_cpp.so)
[0.637s] -- looking for PCL_COMMON
[0.637s] -- looking for PCL_SAMPLE_CONSENSUS
[0.637s] -- looking for PCL_KDTREE
[0.637s] -- looking for PCL_OCTREE
[0.638s] -- looking for PCL_FILTERS
[0.638s] -- looking for PCL_GEOMETRY
[0.638s] -- looking for PCL_2D
[0.638s] -- looking for PCL_FEATURES
[0.639s] -- looking for PCL_ML
[0.639s] -- looking for PCL_SEGMENTATION
[0.639s] -- looking for PCL_SEARCH
[0.640s] -- Found pcl_conversions: 2.4.5 (/opt/ros/humble/share/pcl_conversions/cmake)
[0.714s] -- Configuring done
[0.741s] -- Generating done
[0.747s] -- Build files have been written to: /home/acdl/Workspace/ws_lidar/velodyne_segmentation/build/velodyne_segmentation
[0.768s] [35m[1mConsolidate compiler generated dependencies of target lidar_segmentation_node[0m
[0.773s] [ 25%] [32mBuilding CXX object CMakeFiles/lidar_segmentation_node2.dir/src/lidar_segmentation_node2.cpp.o[0m
[0.784s] [ 75%] Built target lidar_segmentation_node
[1.819s] [01m[K/home/acdl/Workspace/ws_lidar/velodyne_segmentation/src/lidar_segmentation_node2.cpp:11:10:[m[K [01;31m[Kfatal error: [m[Kpcl/segmentation/dbscan.h: No such file or directory
[1.819s]    11 | #include [01;31m[K<pcl/segmentation/dbscan.h>[m[K   // DBSCAN í—¤ëŤ” ě¶”ę°€
[1.819s]       |          [01;31m[K^~~~~~~~~~~~~~~~~~~~~~~~~~~[m[K
[1.819s] compilation terminated.
[1.833s] gmake[2]: *** [CMakeFiles/lidar_segmentation_node2.dir/build.make:76: CMakeFiles/lidar_segmentation_node2.dir/src/lidar_segmentation_node2.cpp.o] Error 1
[1.833s] gmake[1]: *** [CMakeFiles/Makefile2:165: CMakeFiles/lidar_segmentation_node2.dir/all] Error 2
[1.833s] gmake: *** [Makefile:146: all] Error 2
[1.835s] Invoked command in '/home/acdl/Workspace/ws_lidar/velodyne_segmentation/build/velodyne_segmentation' returned '2': CMAKE_PREFIX_PATH=${CMAKE_PREFIX_PATH}:/opt/ros/humble /usr/bin/cmake --build /home/acdl/Workspace/ws_lidar/velodyne_segmentation/build/velodyne_segmentation -- -j16 -l16
