[0.007s] Invoking command in '/home/acdl/Workspace/ws_lidar/velodyne_segmentation/build/velodyne_segmentation': CMAKE_PREFIX_PATH=${CMAKE_PREFIX_PATH}:/opt/ros/humble /usr/bin/cmake --build /home/acdl/Workspace/ws_lidar/velodyne_segmentation/build/velodyne_segmentation -- -j16 -l16
[0.035s] [35m[1mConsolidate compiler generated dependencies of target lidar_segmentation_node[0m
[0.051s] [ 50%] [32mBuilding CXX object CMakeFiles/lidar_segmentation_node.dir/src/lidar_segmentation_node.cpp.o[0m
[9.621s] [100%] [32m[1mLinking CXX executable lidar_segmentation_node[0m
[10.440s] [100%] Built target lidar_segmentation_node
[10.446s] Invoked command in '/home/acdl/Workspace/ws_lidar/velodyne_segmentation/build/velodyne_segmentation' returned '0': CMAKE_PREFIX_PATH=${CMAKE_PREFIX_PATH}:/opt/ros/humble /usr/bin/cmake --build /home/acdl/Workspace/ws_lidar/velodyne_segmentation/build/velodyne_segmentation -- -j16 -l16
[10.452s] Invoking command in '/home/acdl/Workspace/ws_lidar/velodyne_segmentation/build/velodyne_segmentation': CMAKE_PREFIX_PATH=${CMAKE_PREFIX_PATH}:/opt/ros/humble /usr/bin/cmake --install /home/acdl/Workspace/ws_lidar/velodyne_segmentation/build/velodyne_segmentation
[10.457s] -- Install configuration: ""
[10.457s] -- Installing: /home/acdl/Workspace/ws_lidar/velodyne_segmentation/install/velodyne_segmentation/lib/velodyne_segmentation/lidar_segmentation_node
[10.460s] -- Set runtime path of "/home/acdl/Workspace/ws_lidar/velodyne_segmentation/install/velodyne_segmentation/lib/velodyne_segmentation/lidar_segmentation_node" to ""
[10.460s] -- Up-to-date: /home/acdl/Workspace/ws_lidar/velodyne_segmentation/install/velodyne_segmentation/share/velodyne_segmentation/launch
[10.460s] -- Up-to-date: /home/acdl/Workspace/ws_lidar/velodyne_segmentation/install/velodyne_segmentation/share/velodyne_segmentation/launch/seg.launch.py
[10.460s] -- Up-to-date: /home/acdl/Workspace/ws_lidar/velodyne_segmentation/install/velodyne_segmentation/share/ament_index/resource_index/package_run_dependencies/velodyne_segmentation
[10.460s] -- Up-to-date: /home/acdl/Workspace/ws_lidar/velodyne_segmentation/install/velodyne_segmentation/share/ament_index/resource_index/parent_prefix_path/velodyne_segmentation
[10.460s] -- Up-to-date: /home/acdl/Workspace/ws_lidar/velodyne_segmentation/install/velodyne_segmentation/share/velodyne_segmentation/environment/ament_prefix_path.sh
[10.461s] -- Up-to-date: /home/acdl/Workspace/ws_lidar/velodyne_segmentation/install/velodyne_segmentation/share/velodyne_segmentation/environment/ament_prefix_path.dsv
[10.461s] -- Up-to-date: /home/acdl/Workspace/ws_lidar/velodyne_segmentation/install/velodyne_segmentation/share/velodyne_segmentation/environment/path.sh
[10.461s] -- Up-to-date: /home/acdl/Workspace/ws_lidar/velodyne_segmentation/install/velodyne_segmentation/share/velodyne_segmentation/environment/path.dsv
[10.461s] -- Up-to-date: /home/acdl/Workspace/ws_lidar/velodyne_segmentation/install/velodyne_segmentation/share/velodyne_segmentation/local_setup.bash
[10.461s] -- Up-to-date: /home/acdl/Workspace/ws_lidar/velodyne_segmentation/install/velodyne_segmentation/share/velodyne_segmentation/local_setup.sh
[10.461s] -- Up-to-date: /home/acdl/Workspace/ws_lidar/velodyne_segmentation/install/velodyne_segmentation/share/velodyne_segmentation/local_setup.zsh
[10.461s] -- Up-to-date: /home/acdl/Workspace/ws_lidar/velodyne_segmentation/install/velodyne_segmentation/share/velodyne_segmentation/local_setup.dsv
[10.461s] -- Installing: /home/acdl/Workspace/ws_lidar/velodyne_segmentation/install/velodyne_segmentation/share/velodyne_segmentation/package.dsv
[10.461s] -- Up-to-date: /home/acdl/Workspace/ws_lidar/velodyne_segmentation/install/velodyne_segmentation/share/ament_index/resource_index/packages/velodyne_segmentation
[10.461s] -- Up-to-date: /home/acdl/Workspace/ws_lidar/velodyne_segmentation/install/velodyne_segmentation/share/velodyne_segmentation/cmake/velodyne_segmentationConfig.cmake
[10.461s] -- Up-to-date: /home/acdl/Workspace/ws_lidar/velodyne_segmentation/install/velodyne_segmentation/share/velodyne_segmentation/cmake/velodyne_segmentationConfig-version.cmake
[10.461s] -- Up-to-date: /home/acdl/Workspace/ws_lidar/velodyne_segmentation/install/velodyne_segmentation/share/velodyne_segmentation/package.xml
[10.462s] Invoked command in '/home/acdl/Workspace/ws_lidar/velodyne_segmentation/build/velodyne_segmentation' returned '0': CMAKE_PREFIX_PATH=${CMAKE_PREFIX_PATH}:/opt/ros/humble /usr/bin/cmake --install /home/acdl/Workspace/ws_lidar/velodyne_segmentation/build/velodyne_segmentation
